<?xml version="1.0" encoding="UTF-8"?>
<testng-results skipped="0" failed="0" ignored="0" total="1" passed="1">
  <reporter-output>
  </reporter-output>
  <suite name="Default suite" duration-ms="64187" started-at="2019-06-17T04:59:00Z" finished-at="2019-06-17T05:00:04Z">
    <groups>
    </groups>
    <test name="Default test" duration-ms="64187" started-at="2019-06-17T04:59:00Z" finished-at="2019-06-17T05:00:04Z">
      <class name="webdriver.LoginAndOperations">
        <test-method status="PASS" signature="Login()[pri:0, instance:webdriver.LoginAndOperations@6a1aab78]" name="Login" duration-ms="64146" started-at="2019-06-17T04:59:00Z" finished-at="2019-06-17T05:00:04Z">
          <reporter-output>
          </reporter-output>
        </test-method> <!-- Login -->
      </class> <!-- webdriver.LoginAndOperations -->
    </test> <!-- Default test -->
  </suite> <!-- Default suite -->
</testng-results>
